::1 - - [12/Mar/2021:01:53:14 +0000] "GET /login.html HTTP/1.1" 304 - "-" "Mozilla/5.0 (Windows NT 10.0; WOW64) AppleWebKit/537.36 (KHTML, like Gecko) Chrome/70.0.3538.25 Safari/537.36 Core/1.70.3861.400 QQBrowser/10.7.4313.400"
::1 - - [12/Mar/2021:01:53:14 +0000] "GET /css/common.css HTTP/1.1" 304 - "http://localhost:3001/login.html" "Mozilla/5.0 (Windows NT 10.0; WOW64) AppleWebKit/537.36 (KHTML, like Gecko) Chrome/70.0.3538.25 Safari/537.36 Core/1.70.3861.400 QQBrowser/10.7.4313.400"
::1 - - [12/Mar/2021:01:53:14 +0000] "GET /js/jquery-3.5.1.min.js HTTP/1.1" 304 - "http://localhost:3001/login.html" "Mozilla/5.0 (Windows NT 10.0; WOW64) AppleWebKit/537.36 (KHTML, like Gecko) Chrome/70.0.3538.25 Safari/537.36 Core/1.70.3861.400 QQBrowser/10.7.4313.400"
::1 - - [12/Mar/2021:01:53:14 +0000] "GET /css/postCreate.css HTTP/1.1" 304 - "http://localhost:3001/login.html" "Mozilla/5.0 (Windows NT 10.0; WOW64) AppleWebKit/537.36 (KHTML, like Gecko) Chrome/70.0.3538.25 Safari/537.36 Core/1.70.3861.400 QQBrowser/10.7.4313.400"
::1 - - [12/Mar/2021:01:53:22 +0000] "POST /login HTTP/1.1" 200 6 "http://localhost:3001/login.html" "Mozilla/5.0 (Windows NT 10.0; WOW64) AppleWebKit/537.36 (KHTML, like Gecko) Chrome/70.0.3538.25 Safari/537.36 Core/1.70.3861.400 QQBrowser/10.7.4313.400"
::1 - - [12/Mar/2021:02:12:30 +0000] "GET /login.html HTTP/1.1" 304 - "-" "Mozilla/5.0 (Windows NT 10.0; WOW64) AppleWebKit/537.36 (KHTML, like Gecko) Chrome/70.0.3538.25 Safari/537.36 Core/1.70.3861.400 QQBrowser/10.7.4313.400"
::1 - - [12/Mar/2021:02:12:30 +0000] "GET /css/common.css HTTP/1.1" 304 - "http://localhost:3001/login.html" "Mozilla/5.0 (Windows NT 10.0; WOW64) AppleWebKit/537.36 (KHTML, like Gecko) Chrome/70.0.3538.25 Safari/537.36 Core/1.70.3861.400 QQBrowser/10.7.4313.400"
::1 - - [12/Mar/2021:02:12:30 +0000] "GET /css/postCreate.css HTTP/1.1" 304 - "http://localhost:3001/login.html" "Mozilla/5.0 (Windows NT 10.0; WOW64) AppleWebKit/537.36 (KHTML, like Gecko) Chrome/70.0.3538.25 Safari/537.36 Core/1.70.3861.400 QQBrowser/10.7.4313.400"
::1 - - [12/Mar/2021:02:12:30 +0000] "GET /js/jquery-3.5.1.min.js HTTP/1.1" 304 - "http://localhost:3001/login.html" "Mozilla/5.0 (Windows NT 10.0; WOW64) AppleWebKit/537.36 (KHTML, like Gecko) Chrome/70.0.3538.25 Safari/537.36 Core/1.70.3861.400 QQBrowser/10.7.4313.400"
::1 - - [12/Mar/2021:02:12:34 +0000] "POST /login HTTP/1.1" 200 6 "http://localhost:3001/login.html" "Mozilla/5.0 (Windows NT 10.0; WOW64) AppleWebKit/537.36 (KHTML, like Gecko) Chrome/70.0.3538.25 Safari/537.36 Core/1.70.3861.400 QQBrowser/10.7.4313.400"
::1 - - [12/Mar/2021:02:25:41 +0000] "GET /login.html HTTP/1.1" 304 - "-" "Mozilla/5.0 (Windows NT 10.0; WOW64) AppleWebKit/537.36 (KHTML, like Gecko) Chrome/70.0.3538.25 Safari/537.36 Core/1.70.3861.400 QQBrowser/10.7.4313.400"
::1 - - [12/Mar/2021:02:25:41 +0000] "GET /css/common.css HTTP/1.1" 304 - "http://localhost:3001/login.html" "Mozilla/5.0 (Windows NT 10.0; WOW64) AppleWebKit/537.36 (KHTML, like Gecko) Chrome/70.0.3538.25 Safari/537.36 Core/1.70.3861.400 QQBrowser/10.7.4313.400"
::1 - - [12/Mar/2021:02:25:41 +0000] "GET /js/jquery-3.5.1.min.js HTTP/1.1" 304 - "http://localhost:3001/login.html" "Mozilla/5.0 (Windows NT 10.0; WOW64) AppleWebKit/537.36 (KHTML, like Gecko) Chrome/70.0.3538.25 Safari/537.36 Core/1.70.3861.400 QQBrowser/10.7.4313.400"
::1 - - [12/Mar/2021:02:25:41 +0000] "GET /css/postCreate.css HTTP/1.1" 304 - "http://localhost:3001/login.html" "Mozilla/5.0 (Windows NT 10.0; WOW64) AppleWebKit/537.36 (KHTML, like Gecko) Chrome/70.0.3538.25 Safari/537.36 Core/1.70.3861.400 QQBrowser/10.7.4313.400"
::1 - - [12/Mar/2021:02:25:45 +0000] "POST /login HTTP/1.1" 200 51 "http://localhost:3001/login.html" "Mozilla/5.0 (Windows NT 10.0; WOW64) AppleWebKit/537.36 (KHTML, like Gecko) Chrome/70.0.3538.25 Safari/537.36 Core/1.70.3861.400 QQBrowser/10.7.4313.400"
::1 - - [12/Mar/2021:02:26:14 +0000] "POST /login HTTP/1.1" 200 51 "http://localhost:3001/login.html" "Mozilla/5.0 (Windows NT 10.0; WOW64) AppleWebKit/537.36 (KHTML, like Gecko) Chrome/70.0.3538.25 Safari/537.36 Core/1.70.3861.400 QQBrowser/10.7.4313.400"
::1 - - [12/Mar/2021:02:27:07 +0000] "GET /login.html HTTP/1.1" 304 - "-" "Mozilla/5.0 (Windows NT 10.0; WOW64) AppleWebKit/537.36 (KHTML, like Gecko) Chrome/70.0.3538.25 Safari/537.36 Core/1.70.3861.400 QQBrowser/10.7.4313.400"
::1 - - [12/Mar/2021:02:27:07 +0000] "GET /css/common.css HTTP/1.1" 304 - "http://localhost:3001/login.html" "Mozilla/5.0 (Windows NT 10.0; WOW64) AppleWebKit/537.36 (KHTML, like Gecko) Chrome/70.0.3538.25 Safari/537.36 Core/1.70.3861.400 QQBrowser/10.7.4313.400"
::1 - - [12/Mar/2021:02:27:07 +0000] "GET /css/postCreate.css HTTP/1.1" 304 - "http://localhost:3001/login.html" "Mozilla/5.0 (Windows NT 10.0; WOW64) AppleWebKit/537.36 (KHTML, like Gecko) Chrome/70.0.3538.25 Safari/537.36 Core/1.70.3861.400 QQBrowser/10.7.4313.400"
::1 - - [12/Mar/2021:02:27:07 +0000] "GET /js/jquery-3.5.1.min.js HTTP/1.1" 304 - "http://localhost:3001/login.html" "Mozilla/5.0 (Windows NT 10.0; WOW64) AppleWebKit/537.36 (KHTML, like Gecko) Chrome/70.0.3538.25 Safari/537.36 Core/1.70.3861.400 QQBrowser/10.7.4313.400"
::1 - - [12/Mar/2021:02:27:10 +0000] "POST /login HTTP/1.1" 200 51 "http://localhost:3001/login.html" "Mozilla/5.0 (Windows NT 10.0; WOW64) AppleWebKit/537.36 (KHTML, like Gecko) Chrome/70.0.3538.25 Safari/537.36 Core/1.70.3861.400 QQBrowser/10.7.4313.400"
::1 - - [12/Mar/2021:02:27:55 +0000] "GET /login.html HTTP/1.1" 304 - "-" "Mozilla/5.0 (Windows NT 10.0; WOW64) AppleWebKit/537.36 (KHTML, like Gecko) Chrome/70.0.3538.25 Safari/537.36 Core/1.70.3861.400 QQBrowser/10.7.4313.400"
::1 - - [12/Mar/2021:02:27:55 +0000] "GET /css/common.css HTTP/1.1" 304 - "http://localhost:3001/login.html" "Mozilla/5.0 (Windows NT 10.0; WOW64) AppleWebKit/537.36 (KHTML, like Gecko) Chrome/70.0.3538.25 Safari/537.36 Core/1.70.3861.400 QQBrowser/10.7.4313.400"
::1 - - [12/Mar/2021:02:27:55 +0000] "GET /css/postCreate.css HTTP/1.1" 304 - "http://localhost:3001/login.html" "Mozilla/5.0 (Windows NT 10.0; WOW64) AppleWebKit/537.36 (KHTML, like Gecko) Chrome/70.0.3538.25 Safari/537.36 Core/1.70.3861.400 QQBrowser/10.7.4313.400"
::1 - - [12/Mar/2021:02:27:55 +0000] "GET /js/jquery-3.5.1.min.js HTTP/1.1" 304 - "http://localhost:3001/login.html" "Mozilla/5.0 (Windows NT 10.0; WOW64) AppleWebKit/537.36 (KHTML, like Gecko) Chrome/70.0.3538.25 Safari/537.36 Core/1.70.3861.400 QQBrowser/10.7.4313.400"
::1 - - [12/Mar/2021:02:27:58 +0000] "POST /login HTTP/1.1" 200 51 "http://localhost:3001/login.html" "Mozilla/5.0 (Windows NT 10.0; WOW64) AppleWebKit/537.36 (KHTML, like Gecko) Chrome/70.0.3538.25 Safari/537.36 Core/1.70.3861.400 QQBrowser/10.7.4313.400"
::1 - - [12/Mar/2021:02:28:37 +0000] "POST /login HTTP/1.1" 200 51 "http://localhost:3001/login.html" "Mozilla/5.0 (Windows NT 10.0; WOW64) AppleWebKit/537.36 (KHTML, like Gecko) Chrome/70.0.3538.25 Safari/537.36 Core/1.70.3861.400 QQBrowser/10.7.4313.400"
::1 - - [12/Mar/2021:02:29:40 +0000] "GET /login.html HTTP/1.1" 304 - "-" "Mozilla/5.0 (Windows NT 10.0; WOW64) AppleWebKit/537.36 (KHTML, like Gecko) Chrome/70.0.3538.25 Safari/537.36 Core/1.70.3861.400 QQBrowser/10.7.4313.400"
::1 - - [12/Mar/2021:02:29:40 +0000] "GET /css/common.css HTTP/1.1" 304 - "http://localhost:3001/login.html" "Mozilla/5.0 (Windows NT 10.0; WOW64) AppleWebKit/537.36 (KHTML, like Gecko) Chrome/70.0.3538.25 Safari/537.36 Core/1.70.3861.400 QQBrowser/10.7.4313.400"
::1 - - [12/Mar/2021:02:29:40 +0000] "GET /css/postCreate.css HTTP/1.1" 304 - "http://localhost:3001/login.html" "Mozilla/5.0 (Windows NT 10.0; WOW64) AppleWebKit/537.36 (KHTML, like Gecko) Chrome/70.0.3538.25 Safari/537.36 Core/1.70.3861.400 QQBrowser/10.7.4313.400"
::1 - - [12/Mar/2021:02:29:40 +0000] "GET /js/jquery-3.5.1.min.js HTTP/1.1" 304 - "http://localhost:3001/login.html" "Mozilla/5.0 (Windows NT 10.0; WOW64) AppleWebKit/537.36 (KHTML, like Gecko) Chrome/70.0.3538.25 Safari/537.36 Core/1.70.3861.400 QQBrowser/10.7.4313.400"
::1 - - [12/Mar/2021:02:29:43 +0000] "POST /login HTTP/1.1" 200 51 "http://localhost:3001/login.html" "Mozilla/5.0 (Windows NT 10.0; WOW64) AppleWebKit/537.36 (KHTML, like Gecko) Chrome/70.0.3538.25 Safari/537.36 Core/1.70.3861.400 QQBrowser/10.7.4313.400"
::1 - - [12/Mar/2021:02:30:20 +0000] "GET /login.html HTTP/1.1" 200 1778 "-" "Mozilla/5.0 (Windows NT 10.0; WOW64) AppleWebKit/537.36 (KHTML, like Gecko) Chrome/70.0.3538.25 Safari/537.36 Core/1.70.3861.400 QQBrowser/10.7.4313.400"
::1 - - [12/Mar/2021:02:30:20 +0000] "GET /css/common.css HTTP/1.1" 200 502 "http://localhost:3001/login.html" "Mozilla/5.0 (Windows NT 10.0; WOW64) AppleWebKit/537.36 (KHTML, like Gecko) Chrome/70.0.3538.25 Safari/537.36 Core/1.70.3861.400 QQBrowser/10.7.4313.400"
::1 - - [12/Mar/2021:02:30:20 +0000] "GET /css/postCreate.css HTTP/1.1" 200 948 "http://localhost:3001/login.html" "Mozilla/5.0 (Windows NT 10.0; WOW64) AppleWebKit/537.36 (KHTML, like Gecko) Chrome/70.0.3538.25 Safari/537.36 Core/1.70.3861.400 QQBrowser/10.7.4313.400"
::1 - - [12/Mar/2021:02:30:20 +0000] "GET /js/jquery-3.5.1.min.js HTTP/1.1" 200 89476 "http://localhost:3001/login.html" "Mozilla/5.0 (Windows NT 10.0; WOW64) AppleWebKit/537.36 (KHTML, like Gecko) Chrome/70.0.3538.25 Safari/537.36 Core/1.70.3861.400 QQBrowser/10.7.4313.400"
::1 - - [12/Mar/2021:02:30:21 +0000] "GET /favicon.ico HTTP/1.1" 404 1157 "http://localhost:3001/login.html" "Mozilla/5.0 (Windows NT 10.0; WOW64) AppleWebKit/537.36 (KHTML, like Gecko) Chrome/70.0.3538.25 Safari/537.36 Core/1.70.3861.400 QQBrowser/10.7.4313.400"
::1 - - [12/Mar/2021:02:30:22 +0000] "GET /login.html HTTP/1.1" 200 1778 "-" "Mozilla/5.0 (Windows NT 10.0; WOW64) AppleWebKit/537.36 (KHTML, like Gecko) Chrome/70.0.3538.25 Safari/537.36 Core/1.70.3861.400 QQBrowser/10.7.4313.400"
::1 - - [12/Mar/2021:02:30:22 +0000] "GET /css/common.css HTTP/1.1" 200 502 "http://localhost:3001/login.html" "Mozilla/5.0 (Windows NT 10.0; WOW64) AppleWebKit/537.36 (KHTML, like Gecko) Chrome/70.0.3538.25 Safari/537.36 Core/1.70.3861.400 QQBrowser/10.7.4313.400"
::1 - - [12/Mar/2021:02:30:22 +0000] "GET /css/postCreate.css HTTP/1.1" 200 948 "http://localhost:3001/login.html" "Mozilla/5.0 (Windows NT 10.0; WOW64) AppleWebKit/537.36 (KHTML, like Gecko) Chrome/70.0.3538.25 Safari/537.36 Core/1.70.3861.400 QQBrowser/10.7.4313.400"
::1 - - [12/Mar/2021:02:30:22 +0000] "GET /js/jquery-3.5.1.min.js HTTP/1.1" 200 89476 "http://localhost:3001/login.html" "Mozilla/5.0 (Windows NT 10.0; WOW64) AppleWebKit/537.36 (KHTML, like Gecko) Chrome/70.0.3538.25 Safari/537.36 Core/1.70.3861.400 QQBrowser/10.7.4313.400"
::1 - - [12/Mar/2021:02:30:22 +0000] "GET /favicon.ico HTTP/1.1" 404 1157 "http://localhost:3001/login.html" "Mozilla/5.0 (Windows NT 10.0; WOW64) AppleWebKit/537.36 (KHTML, like Gecko) Chrome/70.0.3538.25 Safari/537.36 Core/1.70.3861.400 QQBrowser/10.7.4313.400"
::1 - - [12/Mar/2021:02:30:24 +0000] "POST /login HTTP/1.1" 200 51 "http://localhost:3001/login.html" "Mozilla/5.0 (Windows NT 10.0; WOW64) AppleWebKit/537.36 (KHTML, like Gecko) Chrome/70.0.3538.25 Safari/537.36 Core/1.70.3861.400 QQBrowser/10.7.4313.400"
::1 - - [12/Mar/2021:02:35:21 +0000] "POST /login HTTP/1.1" 200 51 "http://localhost:3001/login.html" "Mozilla/5.0 (Windows NT 10.0; WOW64) AppleWebKit/537.36 (KHTML, like Gecko) Chrome/70.0.3538.25 Safari/537.36 Core/1.70.3861.400 QQBrowser/10.7.4313.400"
::1 - - [12/Mar/2021:02:35:50 +0000] "GET /login.html HTTP/1.1" 304 - "-" "Mozilla/5.0 (Windows NT 10.0; WOW64) AppleWebKit/537.36 (KHTML, like Gecko) Chrome/70.0.3538.25 Safari/537.36 Core/1.70.3861.400 QQBrowser/10.7.4313.400"
::1 - - [12/Mar/2021:02:35:50 +0000] "GET /css/postCreate.css HTTP/1.1" 304 - "http://localhost:3001/login.html" "Mozilla/5.0 (Windows NT 10.0; WOW64) AppleWebKit/537.36 (KHTML, like Gecko) Chrome/70.0.3538.25 Safari/537.36 Core/1.70.3861.400 QQBrowser/10.7.4313.400"
::1 - - [12/Mar/2021:02:35:50 +0000] "GET /js/jquery-3.5.1.min.js HTTP/1.1" 304 - "http://localhost:3001/login.html" "Mozilla/5.0 (Windows NT 10.0; WOW64) AppleWebKit/537.36 (KHTML, like Gecko) Chrome/70.0.3538.25 Safari/537.36 Core/1.70.3861.400 QQBrowser/10.7.4313.400"
::1 - - [12/Mar/2021:02:35:50 +0000] "GET /css/common.css HTTP/1.1" 304 - "http://localhost:3001/login.html" "Mozilla/5.0 (Windows NT 10.0; WOW64) AppleWebKit/537.36 (KHTML, like Gecko) Chrome/70.0.3538.25 Safari/537.36 Core/1.70.3861.400 QQBrowser/10.7.4313.400"
::1 - - [12/Mar/2021:02:35:53 +0000] "POST /login HTTP/1.1" 500 51 "http://localhost:3001/login.html" "Mozilla/5.0 (Windows NT 10.0; WOW64) AppleWebKit/537.36 (KHTML, like Gecko) Chrome/70.0.3538.25 Safari/537.36 Core/1.70.3861.400 QQBrowser/10.7.4313.400"
::1 - - [12/Mar/2021:02:36:54 +0000] "POST /login HTTP/1.1" 500 51 "http://localhost:3001/login.html" "Mozilla/5.0 (Windows NT 10.0; WOW64) AppleWebKit/537.36 (KHTML, like Gecko) Chrome/70.0.3538.25 Safari/537.36 Core/1.70.3861.400 QQBrowser/10.7.4313.400"
::1 - - [12/Mar/2021:02:37:49 +0000] "POST /login HTTP/1.1" 500 66 "http://localhost:3001/login.html" "Mozilla/5.0 (Windows NT 10.0; WOW64) AppleWebKit/537.36 (KHTML, like Gecko) Chrome/70.0.3538.25 Safari/537.36 Core/1.70.3861.400 QQBrowser/10.7.4313.400"
::1 - - [12/Mar/2021:08:48:01 +0000] "GET /login.html HTTP/1.1" 200 1569 "-" "Mozilla/5.0 (Windows NT 10.0; WOW64) AppleWebKit/537.36 (KHTML, like Gecko) Chrome/70.0.3538.25 Safari/537.36 Core/1.70.3861.400 QQBrowser/10.7.4313.400"
::1 - - [12/Mar/2021:08:48:02 +0000] "GET /css/postCreate.css HTTP/1.1" 304 - "http://localhost:3001/login.html" "Mozilla/5.0 (Windows NT 10.0; WOW64) AppleWebKit/537.36 (KHTML, like Gecko) Chrome/70.0.3538.25 Safari/537.36 Core/1.70.3861.400 QQBrowser/10.7.4313.400"
::1 - - [12/Mar/2021:08:48:02 +0000] "GET /css/common.css HTTP/1.1" 304 - "http://localhost:3001/login.html" "Mozilla/5.0 (Windows NT 10.0; WOW64) AppleWebKit/537.36 (KHTML, like Gecko) Chrome/70.0.3538.25 Safari/537.36 Core/1.70.3861.400 QQBrowser/10.7.4313.400"
::1 - - [12/Mar/2021:08:48:02 +0000] "GET /js/jquery-3.5.1.min.js HTTP/1.1" 304 - "http://localhost:3001/login.html" "Mozilla/5.0 (Windows NT 10.0; WOW64) AppleWebKit/537.36 (KHTML, like Gecko) Chrome/70.0.3538.25 Safari/537.36 Core/1.70.3861.400 QQBrowser/10.7.4313.400"
::1 - - [12/Mar/2021:08:48:05 +0000] "POST /login HTTP/1.1" 200 67 "http://localhost:3001/login.html" "Mozilla/5.0 (Windows NT 10.0; WOW64) AppleWebKit/537.36 (KHTML, like Gecko) Chrome/70.0.3538.25 Safari/537.36 Core/1.70.3861.400 QQBrowser/10.7.4313.400"
::1 - - [12/Mar/2021:08:48:09 +0000] "POST /login HTTP/1.1" 500 66 "http://localhost:3001/login.html" "Mozilla/5.0 (Windows NT 10.0; WOW64) AppleWebKit/537.36 (KHTML, like Gecko) Chrome/70.0.3538.25 Safari/537.36 Core/1.70.3861.400 QQBrowser/10.7.4313.400"
::1 - - [12/Mar/2021:09:47:38 +0000] "GET /login.html HTTP/1.1" 304 - "-" "Mozilla/5.0 (Windows NT 10.0; WOW64) AppleWebKit/537.36 (KHTML, like Gecko) Chrome/70.0.3538.25 Safari/537.36 Core/1.70.3861.400 QQBrowser/10.7.4313.400"
::1 - - [12/Mar/2021:09:47:39 +0000] "GET /css/common.css HTTP/1.1" 304 - "http://localhost:3001/login.html" "Mozilla/5.0 (Windows NT 10.0; WOW64) AppleWebKit/537.36 (KHTML, like Gecko) Chrome/70.0.3538.25 Safari/537.36 Core/1.70.3861.400 QQBrowser/10.7.4313.400"
::1 - - [12/Mar/2021:09:47:39 +0000] "GET /css/postCreate.css HTTP/1.1" 304 - "http://localhost:3001/login.html" "Mozilla/5.0 (Windows NT 10.0; WOW64) AppleWebKit/537.36 (KHTML, like Gecko) Chrome/70.0.3538.25 Safari/537.36 Core/1.70.3861.400 QQBrowser/10.7.4313.400"
::1 - - [12/Mar/2021:09:47:39 +0000] "GET /js/jquery-3.5.1.min.js HTTP/1.1" 304 - "http://localhost:3001/login.html" "Mozilla/5.0 (Windows NT 10.0; WOW64) AppleWebKit/537.36 (KHTML, like Gecko) Chrome/70.0.3538.25 Safari/537.36 Core/1.70.3861.400 QQBrowser/10.7.4313.400"
::1 - - [12/Mar/2021:09:47:44 +0000] "POST /login HTTP/1.1" 500 66 "http://localhost:3001/login.html" "Mozilla/5.0 (Windows NT 10.0; WOW64) AppleWebKit/537.36 (KHTML, like Gecko) Chrome/70.0.3538.25 Safari/537.36 Core/1.70.3861.400 QQBrowser/10.7.4313.400"
::1 - - [12/Mar/2021:09:57:53 +0000] "GET /login.html HTTP/1.1" 200 1569 "-" "Mozilla/5.0 (Windows NT 10.0; WOW64) AppleWebKit/537.36 (KHTML, like Gecko) Chrome/70.0.3538.25 Safari/537.36 Core/1.70.3861.400 QQBrowser/10.7.4313.400"
::1 - - [12/Mar/2021:09:57:53 +0000] "GET /css/postCreate.css HTTP/1.1" - - "http://localhost:3001/login.html" "Mozilla/5.0 (Windows NT 10.0; WOW64) AppleWebKit/537.36 (KHTML, like Gecko) Chrome/70.0.3538.25 Safari/537.36 Core/1.70.3861.400 QQBrowser/10.7.4313.400"
::1 - - [12/Mar/2021:09:57:53 +0000] "GET /js/jquery-3.5.1.min.js HTTP/1.1" - - "http://localhost:3001/login.html" "Mozilla/5.0 (Windows NT 10.0; WOW64) AppleWebKit/537.36 (KHTML, like Gecko) Chrome/70.0.3538.25 Safari/537.36 Core/1.70.3861.400 QQBrowser/10.7.4313.400"
::1 - - [12/Mar/2021:09:57:53 +0000] "GET /login.html HTTP/1.1" 304 - "-" "Mozilla/5.0 (Windows NT 10.0; WOW64) AppleWebKit/537.36 (KHTML, like Gecko) Chrome/70.0.3538.25 Safari/537.36 Core/1.70.3861.400 QQBrowser/10.7.4313.400"
::1 - - [12/Mar/2021:09:57:53 +0000] "GET /css/common.css HTTP/1.1" 200 502 "http://localhost:3001/login.html" "Mozilla/5.0 (Windows NT 10.0; WOW64) AppleWebKit/537.36 (KHTML, like Gecko) Chrome/70.0.3538.25 Safari/537.36 Core/1.70.3861.400 QQBrowser/10.7.4313.400"
::1 - - [12/Mar/2021:09:57:53 +0000] "GET /css/postCreate.css HTTP/1.1" 200 948 "http://localhost:3001/login.html" "Mozilla/5.0 (Windows NT 10.0; WOW64) AppleWebKit/537.36 (KHTML, like Gecko) Chrome/70.0.3538.25 Safari/537.36 Core/1.70.3861.400 QQBrowser/10.7.4313.400"
::1 - - [12/Mar/2021:09:57:53 +0000] "GET /js/jquery-3.5.1.min.js HTTP/1.1" 200 89476 "http://localhost:3001/login.html" "Mozilla/5.0 (Windows NT 10.0; WOW64) AppleWebKit/537.36 (KHTML, like Gecko) Chrome/70.0.3538.25 Safari/537.36 Core/1.70.3861.400 QQBrowser/10.7.4313.400"
::1 - - [12/Mar/2021:09:58:14 +0000] "GET /login.html HTTP/1.1" 304 - "-" "Mozilla/5.0 (Windows NT 10.0; WOW64) AppleWebKit/537.36 (KHTML, like Gecko) Chrome/70.0.3538.25 Safari/537.36 Core/1.70.3861.400 QQBrowser/10.7.4313.400"
::1 - - [12/Mar/2021:09:58:14 +0000] "GET /css/postCreate.css HTTP/1.1" 304 - "http://localhost:3001/login.html" "Mozilla/5.0 (Windows NT 10.0; WOW64) AppleWebKit/537.36 (KHTML, like Gecko) Chrome/70.0.3538.25 Safari/537.36 Core/1.70.3861.400 QQBrowser/10.7.4313.400"
::1 - - [12/Mar/2021:09:58:14 +0000] "GET /js/jquery-3.5.1.min.js HTTP/1.1" 304 - "http://localhost:3001/login.html" "Mozilla/5.0 (Windows NT 10.0; WOW64) AppleWebKit/537.36 (KHTML, like Gecko) Chrome/70.0.3538.25 Safari/537.36 Core/1.70.3861.400 QQBrowser/10.7.4313.400"
::1 - - [12/Mar/2021:09:58:14 +0000] "GET /css/common.css HTTP/1.1" 304 - "http://localhost:3001/login.html" "Mozilla/5.0 (Windows NT 10.0; WOW64) AppleWebKit/537.36 (KHTML, like Gecko) Chrome/70.0.3538.25 Safari/537.36 Core/1.70.3861.400 QQBrowser/10.7.4313.400"
::1 - - [12/Mar/2021:09:58:14 +0000] "GET /favicon.ico HTTP/1.1" 404 66 "http://localhost:3001/login.html" "Mozilla/5.0 (Windows NT 10.0; WOW64) AppleWebKit/537.36 (KHTML, like Gecko) Chrome/70.0.3538.25 Safari/537.36 Core/1.70.3861.400 QQBrowser/10.7.4313.400"
::1 - - [12/Mar/2021:09:58:23 +0000] "POST /login HTTP/1.1" 200 67 "http://localhost:3001/login.html" "Mozilla/5.0 (Windows NT 10.0; WOW64) AppleWebKit/537.36 (KHTML, like Gecko) Chrome/70.0.3538.25 Safari/537.36 Core/1.70.3861.400 QQBrowser/10.7.4313.400"
::1 - - [12/Mar/2021:09:58:41 +0000] "GET /login.html HTTP/1.1" 200 1569 "-" "Mozilla/5.0 (Windows NT 10.0; WOW64) AppleWebKit/537.36 (KHTML, like Gecko) Chrome/70.0.3538.25 Safari/537.36 Core/1.70.3861.400 QQBrowser/10.7.4313.400"
::1 - - [12/Mar/2021:09:58:41 +0000] "GET /css/common.css HTTP/1.1" 200 502 "http://localhost:3001/login.html" "Mozilla/5.0 (Windows NT 10.0; WOW64) AppleWebKit/537.36 (KHTML, like Gecko) Chrome/70.0.3538.25 Safari/537.36 Core/1.70.3861.400 QQBrowser/10.7.4313.400"
::1 - - [12/Mar/2021:09:58:41 +0000] "GET /css/postCreate.css HTTP/1.1" 200 948 "http://localhost:3001/login.html" "Mozilla/5.0 (Windows NT 10.0; WOW64) AppleWebKit/537.36 (KHTML, like Gecko) Chrome/70.0.3538.25 Safari/537.36 Core/1.70.3861.400 QQBrowser/10.7.4313.400"
::1 - - [12/Mar/2021:09:58:41 +0000] "GET /js/jquery-3.5.1.min.js HTTP/1.1" 200 89476 "http://localhost:3001/login.html" "Mozilla/5.0 (Windows NT 10.0; WOW64) AppleWebKit/537.36 (KHTML, like Gecko) Chrome/70.0.3538.25 Safari/537.36 Core/1.70.3861.400 QQBrowser/10.7.4313.400"
::1 - - [12/Mar/2021:09:58:42 +0000] "GET /favicon.ico HTTP/1.1" 404 66 "http://localhost:3001/login.html" "Mozilla/5.0 (Windows NT 10.0; WOW64) AppleWebKit/537.36 (KHTML, like Gecko) Chrome/70.0.3538.25 Safari/537.36 Core/1.70.3861.400 QQBrowser/10.7.4313.400"
::1 - - [12/Mar/2021:09:58:52 +0000] "GET /login.html HTTP/1.1" 304 - "-" "Mozilla/5.0 (Windows NT 10.0; WOW64) AppleWebKit/537.36 (KHTML, like Gecko) Chrome/70.0.3538.25 Safari/537.36 Core/1.70.3861.400 QQBrowser/10.7.4313.400"
::1 - - [12/Mar/2021:09:58:52 +0000] "GET /css/common.css HTTP/1.1" 304 - "http://localhost:3001/login.html" "Mozilla/5.0 (Windows NT 10.0; WOW64) AppleWebKit/537.36 (KHTML, like Gecko) Chrome/70.0.3538.25 Safari/537.36 Core/1.70.3861.400 QQBrowser/10.7.4313.400"
::1 - - [12/Mar/2021:09:58:52 +0000] "GET /css/postCreate.css HTTP/1.1" 304 - "http://localhost:3001/login.html" "Mozilla/5.0 (Windows NT 10.0; WOW64) AppleWebKit/537.36 (KHTML, like Gecko) Chrome/70.0.3538.25 Safari/537.36 Core/1.70.3861.400 QQBrowser/10.7.4313.400"
::1 - - [12/Mar/2021:09:58:52 +0000] "GET /js/jquery-3.5.1.min.js HTTP/1.1" 304 - "http://localhost:3001/login.html" "Mozilla/5.0 (Windows NT 10.0; WOW64) AppleWebKit/537.36 (KHTML, like Gecko) Chrome/70.0.3538.25 Safari/537.36 Core/1.70.3861.400 QQBrowser/10.7.4313.400"
::1 - - [12/Mar/2021:09:58:56 +0000] "POST /login HTTP/1.1" 200 67 "http://localhost:3001/login.html" "Mozilla/5.0 (Windows NT 10.0; WOW64) AppleWebKit/537.36 (KHTML, like Gecko) Chrome/70.0.3538.25 Safari/537.36 Core/1.70.3861.400 QQBrowser/10.7.4313.400"
::1 - - [12/Mar/2021:09:59:56 +0000] "GET /login.html HTTP/1.1" 200 1569 "-" "Mozilla/5.0 (Windows NT 10.0; WOW64) AppleWebKit/537.36 (KHTML, like Gecko) Chrome/70.0.3538.25 Safari/537.36 Core/1.70.3861.400 QQBrowser/10.7.4313.400"
::1 - - [12/Mar/2021:09:59:56 +0000] "GET /css/common.css HTTP/1.1" 200 502 "http://localhost:3001/login.html" "Mozilla/5.0 (Windows NT 10.0; WOW64) AppleWebKit/537.36 (KHTML, like Gecko) Chrome/70.0.3538.25 Safari/537.36 Core/1.70.3861.400 QQBrowser/10.7.4313.400"
::1 - - [12/Mar/2021:09:59:56 +0000] "GET /css/postCreate.css HTTP/1.1" 200 948 "http://localhost:3001/login.html" "Mozilla/5.0 (Windows NT 10.0; WOW64) AppleWebKit/537.36 (KHTML, like Gecko) Chrome/70.0.3538.25 Safari/537.36 Core/1.70.3861.400 QQBrowser/10.7.4313.400"
::1 - - [12/Mar/2021:09:59:56 +0000] "GET /js/jquery-3.5.1.min.js HTTP/1.1" 200 89476 "http://localhost:3001/login.html" "Mozilla/5.0 (Windows NT 10.0; WOW64) AppleWebKit/537.36 (KHTML, like Gecko) Chrome/70.0.3538.25 Safari/537.36 Core/1.70.3861.400 QQBrowser/10.7.4313.400"
::1 - - [12/Mar/2021:09:59:57 +0000] "GET /favicon.ico HTTP/1.1" 404 66 "http://localhost:3001/login.html" "Mozilla/5.0 (Windows NT 10.0; WOW64) AppleWebKit/537.36 (KHTML, like Gecko) Chrome/70.0.3538.25 Safari/537.36 Core/1.70.3861.400 QQBrowser/10.7.4313.400"
::1 - - [12/Mar/2021:10:00:00 +0000] "POST /login HTTP/1.1" 500 66 "http://localhost:3001/login.html" "Mozilla/5.0 (Windows NT 10.0; WOW64) AppleWebKit/537.36 (KHTML, like Gecko) Chrome/70.0.3538.25 Safari/537.36 Core/1.70.3861.400 QQBrowser/10.7.4313.400"
::1 - - [12/Mar/2021:10:13:29 +0000] "GET /login.html HTTP/1.1" 304 - "-" "Mozilla/5.0 (Windows NT 10.0; WOW64) AppleWebKit/537.36 (KHTML, like Gecko) Chrome/70.0.3538.25 Safari/537.36 Core/1.70.3861.400 QQBrowser/10.7.4313.400"
::1 - - [12/Mar/2021:10:13:29 +0000] "GET /css/common.css HTTP/1.1" 304 - "http://localhost:3001/login.html" "Mozilla/5.0 (Windows NT 10.0; WOW64) AppleWebKit/537.36 (KHTML, like Gecko) Chrome/70.0.3538.25 Safari/537.36 Core/1.70.3861.400 QQBrowser/10.7.4313.400"
::1 - - [12/Mar/2021:10:13:29 +0000] "GET /css/postCreate.css HTTP/1.1" 304 - "http://localhost:3001/login.html" "Mozilla/5.0 (Windows NT 10.0; WOW64) AppleWebKit/537.36 (KHTML, like Gecko) Chrome/70.0.3538.25 Safari/537.36 Core/1.70.3861.400 QQBrowser/10.7.4313.400"
::1 - - [12/Mar/2021:10:13:29 +0000] "GET /js/jquery-3.5.1.min.js HTTP/1.1" 304 - "http://localhost:3001/login.html" "Mozilla/5.0 (Windows NT 10.0; WOW64) AppleWebKit/537.36 (KHTML, like Gecko) Chrome/70.0.3538.25 Safari/537.36 Core/1.70.3861.400 QQBrowser/10.7.4313.400"
::1 - - [12/Mar/2021:10:13:32 +0000] "POST /login HTTP/1.1" 200 68 "http://localhost:3001/login.html" "Mozilla/5.0 (Windows NT 10.0; WOW64) AppleWebKit/537.36 (KHTML, like Gecko) Chrome/70.0.3538.25 Safari/537.36 Core/1.70.3861.400 QQBrowser/10.7.4313.400"
::1 - - [12/Mar/2021:10:28:01 +0000] "GET /login.html HTTP/1.1" 304 - "-" "Mozilla/5.0 (Windows NT 10.0; WOW64) AppleWebKit/537.36 (KHTML, like Gecko) Chrome/70.0.3538.25 Safari/537.36 Core/1.70.3861.400 QQBrowser/10.7.4313.400"
::1 - - [12/Mar/2021:10:28:02 +0000] "GET /css/common.css HTTP/1.1" 304 - "http://localhost:3001/login.html" "Mozilla/5.0 (Windows NT 10.0; WOW64) AppleWebKit/537.36 (KHTML, like Gecko) Chrome/70.0.3538.25 Safari/537.36 Core/1.70.3861.400 QQBrowser/10.7.4313.400"
::1 - - [12/Mar/2021:10:28:02 +0000] "GET /css/postCreate.css HTTP/1.1" 304 - "http://localhost:3001/login.html" "Mozilla/5.0 (Windows NT 10.0; WOW64) AppleWebKit/537.36 (KHTML, like Gecko) Chrome/70.0.3538.25 Safari/537.36 Core/1.70.3861.400 QQBrowser/10.7.4313.400"
::1 - - [12/Mar/2021:10:28:02 +0000] "GET /js/jquery-3.5.1.min.js HTTP/1.1" 304 - "http://localhost:3001/login.html" "Mozilla/5.0 (Windows NT 10.0; WOW64) AppleWebKit/537.36 (KHTML, like Gecko) Chrome/70.0.3538.25 Safari/537.36 Core/1.70.3861.400 QQBrowser/10.7.4313.400"
::1 - - [12/Mar/2021:10:28:11 +0000] "POST /login HTTP/1.1" 500 66 "http://localhost:3001/login.html" "Mozilla/5.0 (Windows NT 10.0; WOW64) AppleWebKit/537.36 (KHTML, like Gecko) Chrome/70.0.3538.25 Safari/537.36 Core/1.70.3861.400 QQBrowser/10.7.4313.400"
::1 - - [12/Mar/2021:10:31:04 +0000] "GET /login.html HTTP/1.1" 304 - "-" "Mozilla/5.0 (Windows NT 10.0; WOW64) AppleWebKit/537.36 (KHTML, like Gecko) Chrome/70.0.3538.25 Safari/537.36 Core/1.70.3861.400 QQBrowser/10.7.4313.400"
::1 - - [12/Mar/2021:10:31:04 +0000] "GET /css/common.css HTTP/1.1" 304 - "http://localhost:3001/login.html" "Mozilla/5.0 (Windows NT 10.0; WOW64) AppleWebKit/537.36 (KHTML, like Gecko) Chrome/70.0.3538.25 Safari/537.36 Core/1.70.3861.400 QQBrowser/10.7.4313.400"
::1 - - [12/Mar/2021:10:31:04 +0000] "GET /css/postCreate.css HTTP/1.1" 304 - "http://localhost:3001/login.html" "Mozilla/5.0 (Windows NT 10.0; WOW64) AppleWebKit/537.36 (KHTML, like Gecko) Chrome/70.0.3538.25 Safari/537.36 Core/1.70.3861.400 QQBrowser/10.7.4313.400"
::1 - - [12/Mar/2021:10:31:04 +0000] "GET /js/jquery-3.5.1.min.js HTTP/1.1" 304 - "http://localhost:3001/login.html" "Mozilla/5.0 (Windows NT 10.0; WOW64) AppleWebKit/537.36 (KHTML, like Gecko) Chrome/70.0.3538.25 Safari/537.36 Core/1.70.3861.400 QQBrowser/10.7.4313.400"
::1 - - [12/Mar/2021:10:31:26 +0000] "POST /login HTTP/1.1" 200 53 "http://localhost:3001/login.html" "Mozilla/5.0 (Windows NT 10.0; WOW64) AppleWebKit/537.36 (KHTML, like Gecko) Chrome/70.0.3538.25 Safari/537.36 Core/1.70.3861.400 QQBrowser/10.7.4313.400"
::1 - - [12/Mar/2021:10:33:07 +0000] "GET /login.html HTTP/1.1" 200 1569 "-" "Mozilla/5.0 (Windows NT 10.0; WOW64) AppleWebKit/537.36 (KHTML, like Gecko) Chrome/70.0.3538.25 Safari/537.36 Core/1.70.3861.400 QQBrowser/10.7.4313.400"
::1 - - [12/Mar/2021:10:33:07 +0000] "GET /css/postCreate.css HTTP/1.1" 200 948 "http://localhost:3001/login.html" "Mozilla/5.0 (Windows NT 10.0; WOW64) AppleWebKit/537.36 (KHTML, like Gecko) Chrome/70.0.3538.25 Safari/537.36 Core/1.70.3861.400 QQBrowser/10.7.4313.400"
::1 - - [12/Mar/2021:10:33:07 +0000] "GET /css/common.css HTTP/1.1" 200 502 "http://localhost:3001/login.html" "Mozilla/5.0 (Windows NT 10.0; WOW64) AppleWebKit/537.36 (KHTML, like Gecko) Chrome/70.0.3538.25 Safari/537.36 Core/1.70.3861.400 QQBrowser/10.7.4313.400"
::1 - - [12/Mar/2021:10:33:07 +0000] "GET /js/jquery-3.5.1.min.js HTTP/1.1" 200 89476 "http://localhost:3001/login.html" "Mozilla/5.0 (Windows NT 10.0; WOW64) AppleWebKit/537.36 (KHTML, like Gecko) Chrome/70.0.3538.25 Safari/537.36 Core/1.70.3861.400 QQBrowser/10.7.4313.400"
::1 - - [12/Mar/2021:10:33:07 +0000] "GET /favicon.ico HTTP/1.1" 404 66 "http://localhost:3001/login.html" "Mozilla/5.0 (Windows NT 10.0; WOW64) AppleWebKit/537.36 (KHTML, like Gecko) Chrome/70.0.3538.25 Safari/537.36 Core/1.70.3861.400 QQBrowser/10.7.4313.400"
::1 - - [12/Mar/2021:10:33:13 +0000] "POST /login HTTP/1.1" 200 53 "http://localhost:3001/login.html" "Mozilla/5.0 (Windows NT 10.0; WOW64) AppleWebKit/537.36 (KHTML, like Gecko) Chrome/70.0.3538.25 Safari/537.36 Core/1.70.3861.400 QQBrowser/10.7.4313.400"
::1 - - [12/Mar/2021:10:34:07 +0000] "POST /login HTTP/1.1" 200 53 "http://localhost:3001/login.html" "Mozilla/5.0 (Windows NT 10.0; WOW64) AppleWebKit/537.36 (KHTML, like Gecko) Chrome/70.0.3538.25 Safari/537.36 Core/1.70.3861.400 QQBrowser/10.7.4313.400"
::1 - - [12/Mar/2021:10:34:44 +0000] "POST /login HTTP/1.1" 200 53 "http://localhost:3001/login.html" "Mozilla/5.0 (Windows NT 10.0; WOW64) AppleWebKit/537.36 (KHTML, like Gecko) Chrome/70.0.3538.25 Safari/537.36 Core/1.70.3861.400 QQBrowser/10.7.4313.400"
::1 - - [12/Mar/2021:10:35:33 +0000] "POST /login HTTP/1.1" 200 53 "http://localhost:3001/login.html" "Mozilla/5.0 (Windows NT 10.0; WOW64) AppleWebKit/537.36 (KHTML, like Gecko) Chrome/70.0.3538.25 Safari/537.36 Core/1.70.3861.400 QQBrowser/10.7.4313.400"
::1 - - [12/Mar/2021:10:35:44 +0000] "POST /login HTTP/1.1" 200 53 "http://localhost:3001/login.html" "Mozilla/5.0 (Windows NT 10.0; WOW64) AppleWebKit/537.36 (KHTML, like Gecko) Chrome/70.0.3538.25 Safari/537.36 Core/1.70.3861.400 QQBrowser/10.7.4313.400"
::1 - - [12/Mar/2021:10:36:12 +0000] "POST /login HTTP/1.1" 200 52 "http://localhost:3001/login.html" "Mozilla/5.0 (Windows NT 10.0; WOW64) AppleWebKit/537.36 (KHTML, like Gecko) Chrome/70.0.3538.25 Safari/537.36 Core/1.70.3861.400 QQBrowser/10.7.4313.400"
::1 - - [12/Mar/2021:10:36:12 +0000] "GET /stu HTTP/1.1" 404 66 "http://localhost:3001/login.html" "Mozilla/5.0 (Windows NT 10.0; WOW64) AppleWebKit/537.36 (KHTML, like Gecko) Chrome/70.0.3538.25 Safari/537.36 Core/1.70.3861.400 QQBrowser/10.7.4313.400"
::1 - - [12/Mar/2021:10:39:01 +0000] "POST /login HTTP/1.1" 200 52 "http://localhost:3001/login.html" "Mozilla/5.0 (Windows NT 10.0; WOW64) AppleWebKit/537.36 (KHTML, like Gecko) Chrome/70.0.3538.25 Safari/537.36 Core/1.70.3861.400 QQBrowser/10.7.4313.400"
::1 - - [12/Mar/2021:10:39:01 +0000] "GET /stu HTTP/1.1" 404 67 "http://localhost:3001/login.html" "Mozilla/5.0 (Windows NT 10.0; WOW64) AppleWebKit/537.36 (KHTML, like Gecko) Chrome/70.0.3538.25 Safari/537.36 Core/1.70.3861.400 QQBrowser/10.7.4313.400"
::1 - - [12/Mar/2021:10:41:21 +0000] "GET /login.html HTTP/1.1" 304 - "-" "Mozilla/5.0 (Windows NT 10.0; WOW64) AppleWebKit/537.36 (KHTML, like Gecko) Chrome/70.0.3538.25 Safari/537.36 Core/1.70.3861.400 QQBrowser/10.7.4313.400"
::1 - - [12/Mar/2021:10:41:21 +0000] "GET /css/common.css HTTP/1.1" 304 - "http://localhost:3001/login.html" "Mozilla/5.0 (Windows NT 10.0; WOW64) AppleWebKit/537.36 (KHTML, like Gecko) Chrome/70.0.3538.25 Safari/537.36 Core/1.70.3861.400 QQBrowser/10.7.4313.400"
::1 - - [12/Mar/2021:10:41:21 +0000] "GET /css/postCreate.css HTTP/1.1" 304 - "http://localhost:3001/login.html" "Mozilla/5.0 (Windows NT 10.0; WOW64) AppleWebKit/537.36 (KHTML, like Gecko) Chrome/70.0.3538.25 Safari/537.36 Core/1.70.3861.400 QQBrowser/10.7.4313.400"
::1 - - [12/Mar/2021:10:41:21 +0000] "GET /js/jquery-3.5.1.min.js HTTP/1.1" 304 - "http://localhost:3001/login.html" "Mozilla/5.0 (Windows NT 10.0; WOW64) AppleWebKit/537.36 (KHTML, like Gecko) Chrome/70.0.3538.25 Safari/537.36 Core/1.70.3861.400 QQBrowser/10.7.4313.400"
::1 - - [12/Mar/2021:10:41:34 +0000] "POST /login HTTP/1.1" 200 52 "http://localhost:3001/login.html" "Mozilla/5.0 (Windows NT 10.0; WOW64) AppleWebKit/537.36 (KHTML, like Gecko) Chrome/70.0.3538.25 Safari/537.36 Core/1.70.3861.400 QQBrowser/10.7.4313.400"
::1 - - [12/Mar/2021:10:41:34 +0000] "GET /stu HTTP/1.1" 404 67 "http://localhost:3001/login.html" "Mozilla/5.0 (Windows NT 10.0; WOW64) AppleWebKit/537.36 (KHTML, like Gecko) Chrome/70.0.3538.25 Safari/537.36 Core/1.70.3861.400 QQBrowser/10.7.4313.400"
